<?xml version="1.0" encoding="UTF-8"?>
<testsuite xmlns:xsi="http://www.w3.org/2001/XMLSchema-instance" xsi:noNamespaceSchemaLocation="https://maven.apache.org/surefire/maven-surefire-plugin/xsd/surefire-test-report-3.0.xsd" version="3.0" name="at.ac.htl.leonding.GreetingResourceTest" time="10.498" tests="1" errors="1" skipped="0" failures="0">
  <properties>
[...]
</properties>
  <testcase name="testHelloEndpoint" classname="at.ac.htl.leonding.GreetingResourceTest" time="0.01">
    <error type="java.lang.RuntimeException"><![CDATA[java.lang.RuntimeException: java.lang.RuntimeException: Failed to start quarkus
Caused by: java.lang.RuntimeException: Failed to start quarkus
Caused by: java.lang.RuntimeException: javax.persistence.PersistenceException: [PersistenceUnit: <default>] Unable to build Hibernate SessionFactory
Caused by: javax.persistence.PersistenceException: [PersistenceUnit: <default>] Unable to build Hibernate SessionFactory
Caused by: org.hibernate.exception.JDBCConnectionException: Unable to open JDBC Connection for DDL execution
Caused by: org.postgresql.util.PSQLException: Connection to 192.168.178.20:5432 refused. Check that the hostname and port are correct and that the postmaster is accepting TCP/IP connections.
Caused by: java.net.ConnectException: Connection refused
]]></error>
    <system-out><![CDATA[2022-03-09 10:22:36,000 INFO  [org.jbo.threads] (main) JBoss Threads version 3.4.2.Final
2022-03-09 10:22:36,863 INFO  [org.tes.doc.DockerClientProviderStrategy] (build-50) Loaded org.testcontainers.dockerclient.UnixSocketClientProviderStrategy from ~/.testcontainers.properties, will try it first
2022-03-09 10:22:37,714 INFO  [org.tes.doc.DockerClientProviderStrategy] (build-50) Found Docker environment with local Unix socket (unix:///var/run/docker.sock)
2022-03-09 10:22:37,716 INFO  [org.tes.DockerClientFactory] (build-50) Docker host IP address is localhost
2022-03-09 10:22:37,832 INFO  [org.tes.DockerClientFactory] (build-50) Connected to docker: 
  Server Version: 20.10.12
  API Version: 1.41
  Operating System: Zorin OS 16.1
  Total Memory: 7841 MB
2022-03-09 10:22:37,854 INFO  [org.tes.uti.ImageNameSubstitutor] (build-50) Image name substitution will be performed by: DefaultImageNameSubstitutor (composite of 'ConfigurationFileImageNameSubstitutor' and 'PrefixingImageNameSubstitutor')
2022-03-09 10:22:37,940 INFO  [org.tes.uti.RegistryAuthLocator] (build-50) Failure when attempting to lookup auth config. Please ignore if you don't have images in an authenticated registry. Details: (dockerImageName: testcontainers/ryuk:0.3.3, configFile: /home/marcel/.docker/config.json. Falling back to docker-java default behaviour. Exception message: No content to map due to end-of-input
 at [Source: /home/marcel/.docker/config.json; line: 1, column: 0]
2022-03-09 10:22:38,830 INFO  [org.tes.DockerClientFactory] (build-50) Ryuk started - will monitor and terminate Testcontainers containers on JVM exit
2022-03-09 10:22:38,830 INFO  [org.tes.DockerClientFactory] (build-50) Checking the system...
2022-03-09 10:22:38,831 INFO  [org.tes.DockerClientFactory] (build-50) ✔︎ Docker server version should be at least 1.6.0
2022-03-09 10:22:38,942 INFO  [org.tes.DockerClientFactory] (build-50) ✔︎ Docker environment should have more than 2GB free disk space
2022-03-09 10:22:38,986 INFO  [🐳 .io/.11.2]] (build-50) Creating container for image: docker.io/vectorized/redpanda:v21.11.2
2022-03-09 10:22:38,986 INFO  [org.tes.uti.RegistryAuthLocator] (build-50) Failure when attempting to lookup auth config. Please ignore if you don't have images in an authenticated registry. Details: (dockerImageName: docker.io/vectorized/redpanda:v21.11.2, configFile: /home/marcel/.docker/config.json. Falling back to docker-java default behaviour. Exception message: No content to map due to end-of-input
 at [Source: /home/marcel/.docker/config.json; line: 1, column: 0]
2022-03-09 10:22:39,131 INFO  [🐳 .io/.11.2]] (build-50) Container docker.io/vectorized/redpanda:v21.11.2 is starting: f429edb8eaa6099aecc9e1f359b9eff382159da7071dd53778ad603fd10af272
2022-03-09 10:22:41,340 INFO  [🐳 .io/.11.2]] (build-50) Container docker.io/vectorized/redpanda:v21.11.2 started in PT2.383650447S
2022-03-09 10:22:41,343 INFO  [io.qua.kaf.cli.dep.DevServicesKafkaProcessor] (build-50) Dev Services for Kafka started. Other Quarkus applications in dev mode will find the broker automatically. For Quarkus applications in production mode, you can connect to this by starting your application with -Dkafka.bootstrap.servers=OUTSIDE://localhost:49154
2022-03-09 10:22:42,693 WARN  [io.agr.pool] (agroal-11) Datasource '<default>': Connection to 192.168.178.20:5432 refused. Check that the hostname and port are correct and that the postmaster is accepting TCP/IP connections.
2022-03-09 10:22:42,694 WARN  [org.hib.eng.jdb.env.int.JdbcEnvironmentInitiator] (JPA Startup Thread: <default>) HHH000342: Could not obtain connection to query metadata: org.postgresql.util.PSQLException: Connection to 192.168.178.20:5432 refused. Check that the hostname and port are correct and that the postmaster is accepting TCP/IP connections.
	at org.postgresql.core.v3.ConnectionFactoryImpl.openConnectionImpl(ConnectionFactoryImpl.java:319)
	at org.postgresql.core.ConnectionFactory.openConnection(ConnectionFactory.java:49)
	at org.postgresql.jdbc.PgConnection.<init>(PgConnection.java:223)
	at org.postgresql.Driver.makeConnection(Driver.java:400)
	at org.postgresql.Driver.connect(Driver.java:259)
	at io.agroal.pool.ConnectionFactory.createConnection(ConnectionFactory.java:210)
	at io.agroal.pool.ConnectionPool$CreateConnectionTask.call(ConnectionPool.java:513)
	at io.agroal.pool.ConnectionPool$CreateConnectionTask.call(ConnectionPool.java:494)
	at java.base/java.util.concurrent.FutureTask.run(FutureTask.java:264)
	at io.agroal.pool.util.PriorityScheduledExecutor.beforeExecute(PriorityScheduledExecutor.java:75)
	at java.base/java.util.concurrent.ThreadPoolExecutor.runWorker(ThreadPoolExecutor.java:1134)
	at java.base/java.util.concurrent.ThreadPoolExecutor$Worker.run(ThreadPoolExecutor.java:635)
	at java.base/java.lang.Thread.run(Thread.java:833)
Caused by: java.net.ConnectException: Connection refused
	at java.base/sun.nio.ch.Net.pollConnect(Native Method)
	at java.base/sun.nio.ch.Net.pollConnectNow(Net.java:672)
	at java.base/sun.nio.ch.NioSocketImpl.timedFinishConnect(NioSocketImpl.java:549)
	at java.base/sun.nio.ch.NioSocketImpl.connect(NioSocketImpl.java:597)
	at java.base/java.net.SocksSocketImpl.connect(SocksSocketImpl.java:327)
	at java.base/java.net.Socket.connect(Socket.java:633)
	at org.postgresql.core.PGStream.createSocket(PGStream.java:241)
	at org.postgresql.core.PGStream.<init>(PGStream.java:98)
	at org.postgresql.core.v3.ConnectionFactoryImpl.tryConnect(ConnectionFactoryImpl.java:109)
	at org.postgresql.core.v3.ConnectionFactoryImpl.openConnectionImpl(ConnectionFactoryImpl.java:235)
	... 12 more

2022-03-09 10:22:42,925 WARN  [io.agr.pool] (agroal-11) Datasource '<default>': Connection to 192.168.178.20:5432 refused. Check that the hostname and port are correct and that the postmaster is accepting TCP/IP connections.
2022-03-09 10:22:42,926 WARN  [org.hib.eng.jdb.spi.SqlExceptionHelper] (JPA Startup Thread: <default>) SQL Error: 0, SQLState: 08001
2022-03-09 10:22:42,926 ERROR [org.hib.eng.jdb.spi.SqlExceptionHelper] (JPA Startup Thread: <default>) Connection to 192.168.178.20:5432 refused. Check that the hostname and port are correct and that the postmaster is accepting TCP/IP connections.
]]></system-out>
  </testcase>
</testsuite>